#
# There is insufficient memory for the Java Runtime Environment to continue.
# Native memory allocation (mmap) failed to map 264241152 bytes for G1 virtual space
# Possible reasons:
#   The system is out of physical RAM or swap space
#   The process is running with CompressedOops enabled, and the Java Heap may be blocking the growth of the native heap
# Possible solutions:
#   Reduce memory load on the system
#   Increase physical memory or swap space
#   Check if swap backing store is full
#   Decrease Java heap size (-Xmx/-Xms)
#   Decrease number of Java threads
#   Decrease Java thread stack sizes (-Xss)
#   Set larger code cache with -XX:ReservedCodeCacheSize=
#   JVM is running with Unscaled Compressed Oops mode in which the Java heap is
#     placed in the first 4GB address space. The Java Heap base address is the
#     maximum limit for the native heap growth. Please use -XX:HeapBaseMinAddress
#     to set the Java Heap base and to place the Java Heap above 4GB virtual address.
# This output file may be truncated or incomplete.
#
#  Out of Memory Error (os_windows.cpp:3550), pid=18004, tid=17804
#
# JRE version:  (17.0.7+8) (build )
# Java VM: Java HotSpot(TM) 64-Bit Server VM (17.0.7+8-LTS-224, mixed mode, emulated-client, sharing, tiered, compressed oops, compressed class ptrs, g1 gc, windows-amd64)
# No core dump will be written. Minidumps are not enabled by default on client versions of Windows
#

---------------  S U M M A R Y ------------

Command Line: -XX:+HeapDumpOnOutOfMemoryError -Xmx1024m -Dsts.lsp.client=vscode -Dsts.log.file=/dev/null -XX:TieredStopAtLevel=1 -Xlog:jni+resolve=off -Dspring.config.location=file:c:\\Users\\Aluno\\.vscode\\extensions\\vmware.vscode-spring-boot-1.48.0\\language-server\\BOOT-INF\\classes\\application.properties org.springframework.ide.vscode.boot.app.BootLanguageServerBootApp

Host: 12th Gen Intel(R) Core(TM) i3-12100T, 8 cores, 15G,  Windows 11 , 64 bit Build 22621 (10.0.22621.2070)
Time: Fri Sep  8 16:56:42 2023 Hora Padrão de Buenos Aires elapsed time: 0.006755 seconds (0d 0h 0m 0s)

---------------  T H R E A D  ---------------

Current thread (0x0000024644027030):  JavaThread "Unknown thread" [_thread_in_vm, id=17804, stack(0x0000005729d00000,0x0000005729e00000)]

Stack: [0x0000005729d00000,0x0000005729e00000]
Native frames: (J=compiled Java code, j=interpreted, Vv=VM code, C=native code)
V  [jvm.dll+0x676a4a]
V  [jvm.dll+0x7d74f4]
V  [jvm.dll+0x7d8c9e]
V  [jvm.dll+0x7d9303]
V  [jvm.dll+0x2452c5]
V  [jvm.dll+0x6738f9]
V  [jvm.dll+0x668232]
V  [jvm.dll+0x302826]
V  [jvm.dll+0x309da6]
V  [jvm.dll+0x35952e]
V  [jvm.dll+0x35975f]
V  [jvm.dll+0x2d9a38]
V  [jvm.dll+0x2da9a4]
V  [jvm.dll+0x7a8fb1]
V  [jvm.dll+0x3670e1]
V  [jvm.dll+0x788359]
V  [jvm.dll+0x3ea5ef]
V  [jvm.dll+0x3ec071]
C  [jli.dll+0x5297]
C  [ucrtbase.dll+0x29363]
C  [KERNEL32.DLL+0x126ad]
C  [ntdll.dll+0x5aa68]


---------------  P R O C E S S  ---------------

Threads class SMR info:
_java_thread_list=0x00007ffa4d514998, length=0, elements={
}

Java Threads: ( => current thread )

Other Threads:
  0x00000246440659b0 GCTaskThread "GC Thread#0" [stack: 0x0000005729e00000,0x0000005729f00000] [id=14436]
  0x000002464406f900 ConcurrentGCThread "G1 Main Marker" [stack: 0x0000005729f00000,0x000000572a000000] [id=14548]
  0x0000024644070320 ConcurrentGCThread "G1 Conc#0" [stack: 0x000000572a000000,0x000000572a100000] [id=17272]

[error occurred during error reporting (printing all threads), id 0xc0000005, EXCEPTION_ACCESS_VIOLATION (0xc0000005) at pc=0x00007ffa4cd4a697]

VM state: not at safepoint (not fully initialized)

VM Mutex/Monitor currently owned by a thread:  ([mutex/lock_event])
[0x00000246440261b0] Heap_lock - owner thread: 0x0000024644027030

Heap address: 0x00000000c0000000, size: 1024 MB, Compressed Oops mode: 32-bit

CDS archive(s) mapped at: [0x0000000000000000-0x0000000000000000-0x0000000000000000), size 0, SharedBaseAddress: 0x0000000800000000, ArchiveRelocationMode: 0.
Narrow klass base: 0x0000000000000000, Narrow klass shift: 0, Narrow klass range: 0x0

GC Precious Log:
<Empty>

Heap:
 garbage-first heap   total 0K, used 0K [0x00000000c0000000, 0x0000000100000000)
  region size 1024K, 0 young (0K), 0 survivors (0K)

[error occurred during error reporting (printing heap information), id 0xc0000005, EXCEPTION_ACCESS_VIOLATION (0xc0000005) at pc=0x00007ffa4d1300b9]

GC Heap History (0 events):
No events

Deoptimization events (0 events):
No events

Classes unloaded (0 events):
No events

Classes redefined (0 events):
No events

Internal exceptions (0 events):
No events

VM Operations (0 events):
No events

Events (1 events):
Event: 0.004 Loaded shared library C:\Program Files\Java\jdk-17\bin\java.dll


Dynamic libraries:
0x00007ff678e40000 - 0x00007ff678e50000 	C:\Program Files\Java\jdk-17\bin\java.exe
0x00007ffab11f0000 - 0x00007ffab1404000 	C:\WINDOWS\SYSTEM32\ntdll.dll
0x00007ffaaf300000 - 0x00007ffaaf3c4000 	C:\WINDOWS\System32\KERNEL32.DLL
0x00007ffaaeb60000 - 0x00007ffaaef04000 	C:\WINDOWS\System32\KERNELBASE.dll
0x00007ffaae690000 - 0x00007ffaae7a1000 	C:\WINDOWS\System32\ucrtbase.dll
0x00007ffaa07d0000 - 0x00007ffaa07e9000 	C:\Program Files\Java\jdk-17\bin\jli.dll
0x00007ffaa07f0000 - 0x00007ffaa080b000 	C:\Program Files\Java\jdk-17\bin\VCRUNTIME140.dll
0x00007ffab0020000 - 0x00007ffab00d0000 	C:\WINDOWS\System32\ADVAPI32.dll
0x00007ffab0ef0000 - 0x00007ffab0f97000 	C:\WINDOWS\System32\msvcrt.dll
0x00007ffab00e0000 - 0x00007ffab0186000 	C:\WINDOWS\System32\sechost.dll
0x00007ffaaf160000 - 0x00007ffaaf277000 	C:\WINDOWS\System32\RPCRT4.dll
0x00007ffab1000000 - 0x00007ffab11aa000 	C:\WINDOWS\System32\USER32.dll
0x00007ffaae820000 - 0x00007ffaae846000 	C:\WINDOWS\System32\win32u.dll
0x00007ffa75250000 - 0x00007ffa754df000 	C:\WINDOWS\WinSxS\amd64_microsoft.windows.common-controls_6595b64144ccf1df_6.0.22621.2070_none_2713e6537381f706\COMCTL32.dll
0x00007ffaafff0000 - 0x00007ffab0019000 	C:\WINDOWS\System32\GDI32.dll
0x00007ffaae8d0000 - 0x00007ffaae9e9000 	C:\WINDOWS\System32\gdi32full.dll
0x00007ffaaef10000 - 0x00007ffaaefaa000 	C:\WINDOWS\System32\msvcp_win.dll
0x00007ffa9b630000 - 0x00007ffa9b63a000 	C:\WINDOWS\SYSTEM32\VERSION.dll
0x00007ffab0230000 - 0x00007ffab0261000 	C:\WINDOWS\System32\IMM32.DLL
0x00007ffaa2180000 - 0x00007ffaa218c000 	C:\Program Files\Java\jdk-17\bin\vcruntime140_1.dll
0x00007ffa9f1d0000 - 0x00007ffa9f25e000 	C:\Program Files\Java\jdk-17\bin\msvcp140.dll
0x00007ffa4ca60000 - 0x00007ffa4d63d000 	C:\Program Files\Java\jdk-17\bin\server\jvm.dll
0x00007ffab0190000 - 0x00007ffab0198000 	C:\WINDOWS\System32\PSAPI.DLL
0x00007ffa99440000 - 0x00007ffa99474000 	C:\WINDOWS\SYSTEM32\WINMM.dll
0x00007ffa8b940000 - 0x00007ffa8b949000 	C:\WINDOWS\SYSTEM32\WSOCK32.dll
0x00007ffaaf280000 - 0x00007ffaaf2f1000 	C:\WINDOWS\System32\WS2_32.dll
0x00007ffaad670000 - 0x00007ffaad688000 	C:\WINDOWS\SYSTEM32\kernel.appcore.dll
0x00007ffaa1f90000 - 0x00007ffaa1f9a000 	C:\Program Files\Java\jdk-17\bin\jimage.dll
0x00007ffaabc00000 - 0x00007ffaabe2e000 	C:\WINDOWS\SYSTEM32\DBGHELP.DLL
0x00007ffab0460000 - 0x00007ffab07ea000 	C:\WINDOWS\System32\combase.dll
0x00007ffab0980000 - 0x00007ffab0a57000 	C:\WINDOWS\System32\OLEAUT32.dll
0x00007ffa98810000 - 0x00007ffa98842000 	C:\WINDOWS\SYSTEM32\dbgcore.DLL
0x00007ffaae850000 - 0x00007ffaae8ca000 	C:\WINDOWS\System32\bcryptPrimitives.dll
0x00007ffaa0380000 - 0x00007ffaa03a5000 	C:\Program Files\Java\jdk-17\bin\java.dll

dbghelp: loaded successfully - version: 4.0.5 - missing functions: none
symbol engine: initialized successfully - sym options: 0x614 - pdb path: .;C:\Program Files\Java\jdk-17\bin;C:\WINDOWS\SYSTEM32;C:\WINDOWS\WinSxS\amd64_microsoft.windows.common-controls_6595b64144ccf1df_6.0.22621.2070_none_2713e6537381f706;C:\Program Files\Java\jdk-17\bin\server

VM Arguments:
jvm_args: -XX:+HeapDumpOnOutOfMemoryError -Xmx1024m -Dsts.lsp.client=vscode -Dsts.log.file=/dev/null -XX:TieredStopAtLevel=1 -Xlog:jni+resolve=off -Dspring.config.location=file:c:\\Users\\Aluno\\.vscode\\extensions\\vmware.vscode-spring-boot-1.48.0\\language-server\\BOOT-INF\\classes\\application.properties 
java_command: org.springframework.ide.vscode.boot.app.BootLanguageServerBootApp
java_class_path (initial): c:\\Users\\Aluno\\.vscode\\extensions\\vmware.vscode-spring-boot-1.48.0\\language-server\\BOOT-INF\\classes;c:\\Users\\Aluno\\.vscode\\extensions\\vmware.vscode-spring-boot-1.48.0\\language-server\\BOOT-INF\\lib\\annotations-24.0.1.jar;c:\\Users\\Aluno\\.vscode\\extensions\\vmware.vscode-spring-boot-1.48.0\\language-server\\BOOT-INF\\lib\\antlr-runtime-3.5.3.jar;c:\\Users\\Aluno\\.vscode\\extensions\\vmware.vscode-spring-boot-1.48.0\\language-server\\BOOT-INF\\lib\\antlr4-4.11.1.jar;c:\\Users\\Aluno\\.vscode\\extensions\\vmware.vscode-spring-boot-1.48.0\\language-server\\BOOT-INF\\lib\\antlr4-runtime-4.11.1.jar;c:\\Users\\Aluno\\.vscode\\extensions\\vmware.vscode-spring-boot-1.48.0\\language-server\\BOOT-INF\\lib\\archunit-1.0.1.jar;c:\\Users\\Aluno\\.vscode\\extensions\\vmware.vscode-spring-boot-1.48.0\\language-server\\BOOT-INF\\lib\\asm-9.5.jar;c:\\Users\\Aluno\\.vscode\\extensions\\vmware.vscode-spring-boot-1.48.0\\language-server\\BOOT-INF\\lib\\asm-analysis-9.5.jar;c:\\Users\\Aluno\\.vscode\\extensions\\vmware.vscode-spring-boot-1.48.0\\language-server\\BOOT-INF\\lib\\asm-tree-9.5.jar;c:\\Users\\Aluno\\.vscode\\extensions\\vmware.vscode-spring-boot-1.48.0\\language-server\\BOOT-INF\\lib\\asm-util-9.5.jar;c:\\Users\\Aluno\\.vscode\\extensions\\vmware.vscode-spring-boot-1.48.0\\language-server\\BOOT-INF\\lib\\bosh-language-server-1.48.0-SNAPSHOT.jar;c:\\Users\\Aluno\\.vscode\\extensions\\vmware.vscode-spring-boot-1.48.0\\language-server\\BOOT-INF\\lib\\caffeine-3.1.6.jar;c:\\Users\\Aluno\\.vscode\\extensions\\vmware.vscode-spring-boot-1.48.0\\language-server\\BOOT-INF\\lib\\checker-qual-3.12.0.jar;c:\\Users\\Aluno\\.vscode\\extensions\\vmware.vscode-spring-boot-1.48.0\\language-server\\BOOT-INF\\lib\\classgraph-4.8.149.jar;c:\\Users\\Aluno\\.vscode\\extensions\\vmware.vscode-spring-boot-1.48.0\\language-server\\BOOT-INF\\lib\\commons-codec-1.15.jar;c:\\Users\\Aluno\\.vscode\\extensions\\vmware.vscode-spring-boot-1.48.0\\language-serv
Launcher Type: SUN_STANDARD

[Global flags]
     intx CICompilerCount                          = 4                                         {product} {ergonomic}
     uint ConcGCThreads                            = 2                                         {product} {ergonomic}
     uint G1ConcRefinementThreads                  = 8                                         {product} {ergonomic}
   size_t G1HeapRegionSize                         = 1048576                                   {product} {ergonomic}
    uintx GCDrainStackTargetSize                   = 64                                        {product} {ergonomic}
     bool HeapDumpOnOutOfMemoryError               = true                                   {manageable} {command line}
   size_t InitialHeapSize                          = 264241152                                 {product} {ergonomic}
   size_t MarkStackSize                            = 4194304                                   {product} {ergonomic}
   size_t MaxHeapSize                              = 1073741824                                {product} {command line}
   size_t MinHeapDeltaBytes                        = 1048576                                   {product} {ergonomic}
   size_t MinHeapSize                              = 8388608                                   {product} {ergonomic}
    uintx NonProfiledCodeHeapSize                  = 0                                      {pd product} {ergonomic}
     bool ProfileInterpreter                       = false                                  {pd product} {command line}
    uintx ProfiledCodeHeapSize                     = 0                                      {pd product} {ergonomic}
   size_t SoftMaxHeapSize                          = 1073741824                             {manageable} {ergonomic}
     intx TieredStopAtLevel                        = 1                                         {product} {command line}
     bool UseCompressedClassPointers               = true                           {product lp64_product} {ergonomic}
     bool UseCompressedOops                        = true                           {product lp64_product} {ergonomic}
     bool UseG1GC                                  = true                                      {product} {ergonomic}
     bool UseLargePagesIndividualAllocation        = false                                  {pd product} {ergonomic}

Logging:
Log output configuration:
 #0: stdout all=warning,jni+resolve=off uptime,level,tags (reconfigured)
 #1: stderr all=off uptime,level,tags

Environment Variables:
PATH=C:\Python311\Scripts\;C:\Python311\;C:\Program Files\Common Files\Oracle\Java\javapath;C:\WINDOWS\system32;C:\WINDOWS;C:\WINDOWS\System32\Wbem;C:\WINDOWS\System32\WindowsPowerShell\v1.0\;C:\WINDOWS\System32\OpenSSH\;C:\Program Files\dotnet\;C:\Program Files\Microsoft SQL Server\130\Tools\Binn\;C:\Program Files\Amazon\AWSCLIV2\;C:\Program Files (x86)\Google\Cloud SDK\google-cloud-sdk\bin;C:\ProgramData\chocolatey\bin;C:\Windows\System32;C:\Program Files\Docker\Docker\resources\bin;C:\Program Files\Git\cmd;C:\Program Files\nodejs\;C:\Users\Aluno\AppData\Local\Microsoft\WindowsApps;C:\Users\Aluno\AppData\Local\Programs\Microsoft VS Code\bin;C:\flutter\bin;
USERNAME=Aluno
OS=Windows_NT
PROCESSOR_IDENTIFIER=Intel64 Family 6 Model 151 Stepping 5, GenuineIntel



---------------  S Y S T E M  ---------------

OS:
 Windows 11 , 64 bit Build 22621 (10.0.22621.2070)
OS uptime: 7 days 8:35 hours
Hyper-V role detected

CPU: total 8 (initial active 8) (4 cores per cpu, 2 threads per core) family 6 model 151 stepping 5 microcode 0x26, cx8, cmov, fxsr, ht, mmx, 3dnowpref, sse, sse2, sse3, ssse3, sse4.1, sse4.2, popcnt, lzcnt, tsc, tscinvbit, avx, avx2, aes, erms, clmul, bmi1, bmi2, adx, sha, fma, vzeroupper, clflush, clflushopt, clwb, hv

Memory: 4k page, system-wide physical 16072M (2842M free)
TotalPageFile size 46243M (AvailPageFile size 217M)
current process WorkingSet (physical memory assigned to process): 11M, peak: 11M
current process commit charge ("private bytes"): 55M, peak: 307M

vm_info: Java HotSpot(TM) 64-Bit Server VM (17.0.7+8-LTS-224) for windows-amd64 JRE (17.0.7+8-LTS-224), built on Feb 28 2023 23:03:02 by "mach5one" with MS VC++ 17.1 (VS2022)

END.
